[2025-11-08 05:04:12 UTC] ======================================================================
[2025-11-08 05:04:12 UTC] 🟢 Starting Markdown Combination Process
[2025-11-08 05:04:12 UTC] Script path: /home/runner/work/Star-Resonance-GitHub-Projects/Star-Resonance-GitHub-Projects/.github/scripts/combine_markdowns.py
[2025-11-08 05:04:12 UTC] Output file: /home/runner/work/Star-Resonance-GitHub-Projects/Star-Resonance-GitHub-Projects/README.md
[2025-11-08 05:04:12 UTC] Scanning directory: /home/runner/work/Star-Resonance-GitHub-Projects/Star-Resonance-GitHub-Projects
[2025-11-08 05:04:12 UTC] Skipping excluded file: backup/README.md
[2025-11-08 05:04:12 UTC] Found 8 markdown files to combine.
[2025-11-08 05:04:12 UTC]  - 01-DPS-METERS.md
[2025-11-08 05:04:12 UTC]  - BPSR discord list.md
[2025-11-08 05:04:12 UTC]  - BPSR-WIKIs-WEBSITEs-List.md
[2025-11-08 05:04:12 UTC]  - BPSR-inveractive-maps-list.md
[2025-11-08 05:04:12 UTC]  - Star_Resonance_GitHub_Projects_list.md
[2025-11-08 05:04:12 UTC]  - backup/BPSR-wikis-list.md
[2025-11-08 05:04:12 UTC]  - data/readme.md
[2025-11-08 05:04:12 UTC]  - readme.md
[2025-11-08 05:04:12 UTC] Combining markdown files...
[2025-11-08 05:04:12 UTC] Adding file: 01-DPS-METERS.md
[2025-11-08 05:04:12 UTC] Adding file: BPSR discord list.md
[2025-11-08 05:04:12 UTC] Adding file: BPSR-WIKIs-WEBSITEs-List.md
[2025-11-08 05:04:12 UTC] Adding file: BPSR-inveractive-maps-list.md
[2025-11-08 05:04:12 UTC] Adding file: Star_Resonance_GitHub_Projects_list.md
[2025-11-08 05:04:12 UTC] Adding file: backup/BPSR-wikis-list.md
[2025-11-08 05:04:12 UTC] Adding file: data/readme.md
[2025-11-08 05:04:12 UTC] Adding file: readme.md
[2025-11-08 05:04:12 UTC] Finished combining markdown files.
[2025-11-08 05:04:12 UTC] ✅ Successfully wrote combined markdown to: /home/runner/work/Star-Resonance-GitHub-Projects/Star-Resonance-GitHub-Projects/README.md
[2025-11-08 05:04:12 UTC] 🟩 Markdown combination process completed successfully.
[2025-11-08 05:04:12 UTC] ======================================================================
